  DLLMain.cpp
x:\documents\visual studio 2017\projects\2b hook\2b hook\reversedstructs.h(363): error C2369: 'Entity_t::_0x16470': redefinition; different subscripts
  x:\documents\visual studio 2017\projects\2b hook\2b hook\reversedstructs.h(361): note: see declaration of 'Entity_t::_0x16470'
x:\documents\visual studio 2017\projects\2b hook\2b hook\reversedstructs.h(380): error C2118: negative subscript
x:\documents\visual studio 2017\projects\2b hook\2b hook\reversedstructs.h(381): error C2118: negative subscript
x:\documents\visual studio 2017\projects\2b hook\2b hook\reversedstructs.h(382): error C2118: negative subscript
x:\documents\visual studio 2017\projects\2b hook\2b hook\reversedstructs.h(383): error C2118: negative subscript
x:\documents\visual studio 2017\projects\2b hook\2b hook\menu.h(7): warning C4244: 'initializing': conversion from 'QWORD' to 'int', possible loss of data
x:\documents\visual studio 2017\projects\2b hook\2b hook\features.h(148): warning C4244: 'initializing': conversion from 'double' to 'float', possible loss of data
  Globals.cpp
  c:\program files (x86)\windows kits\10\include\10.0.15063.0\um\dinput.h: DIRECTINPUT_VERSION undefined. Defaulting to version 0x0800
x:\documents\visual studio 2017\projects\2b hook\2b hook\reversedstructs.h(363): error C2369: 'Entity_t::_0x16470': redefinition; different subscripts
  x:\documents\visual studio 2017\projects\2b hook\2b hook\reversedstructs.h(361): note: see declaration of 'Entity_t::_0x16470'
x:\documents\visual studio 2017\projects\2b hook\2b hook\reversedstructs.h(380): error C2118: negative subscript
x:\documents\visual studio 2017\projects\2b hook\2b hook\reversedstructs.h(381): error C2118: negative subscript
x:\documents\visual studio 2017\projects\2b hook\2b hook\reversedstructs.h(382): error C2118: negative subscript
x:\documents\visual studio 2017\projects\2b hook\2b hook\reversedstructs.h(383): error C2118: negative subscript
  Hooks.cpp
  c:\program files (x86)\windows kits\10\include\10.0.15063.0\um\dinput.h: DIRECTINPUT_VERSION undefined. Defaulting to version 0x0800
x:\documents\visual studio 2017\projects\2b hook\2b hook\reversedstructs.h(363): error C2369: 'Entity_t::_0x16470': redefinition; different subscripts
  x:\documents\visual studio 2017\projects\2b hook\2b hook\reversedstructs.h(361): note: see declaration of 'Entity_t::_0x16470'
x:\documents\visual studio 2017\projects\2b hook\2b hook\reversedstructs.h(380): error C2118: negative subscript
x:\documents\visual studio 2017\projects\2b hook\2b hook\reversedstructs.h(381): error C2118: negative subscript
x:\documents\visual studio 2017\projects\2b hook\2b hook\reversedstructs.h(382): error C2118: negative subscript
x:\documents\visual studio 2017\projects\2b hook\2b hook\reversedstructs.h(383): error C2118: negative subscript
x:\documents\visual studio 2017\projects\2b hook\2b hook\menu.h(7): warning C4244: 'initializing': conversion from 'QWORD' to 'int', possible loss of data
x:\documents\visual studio 2017\projects\2b hook\2b hook\features.h(148): warning C4244: 'initializing': conversion from 'double' to 'float', possible loss of data
x:\documents\visual studio 2017\projects\2b hook\2b hook\hooks.cpp(236): warning C4838: conversion from '__int64' to 'DWORD' requires a narrowing conversion
x:\documents\visual studio 2017\projects\2b hook\2b hook\hooks.cpp(236): warning C4244: 'initializing': conversion from '__int64' to 'DWORD', possible loss of data
x:\documents\visual studio 2017\projects\2b hook\2b hook\hooks.cpp(245): warning C4838: conversion from '__int64' to 'DWORD' requires a narrowing conversion
x:\documents\visual studio 2017\projects\2b hook\2b hook\hooks.cpp(245): warning C4244: 'initializing': conversion from '__int64' to 'DWORD', possible loss of data
  x:\documents\visual studio 2017\projects\2b hook\2b hook\hooks.cpp(401): TODO: "probs find a better way to do this (aka not alloc mem every time and put into a fucc!"
x:\documents\visual studio 2017\projects\2b hook\2b hook\hooks.cpp(559): warning C4244: '+=': conversion from 'float' to 'LONGLONG', possible loss of data
  Renderer.cpp
  c:\program files (x86)\windows kits\10\include\10.0.15063.0\um\dinput.h: DIRECTINPUT_VERSION undefined. Defaulting to version 0x0800
x:\documents\visual studio 2017\projects\2b hook\2b hook\reversedstructs.h(363): error C2369: 'Entity_t::_0x16470': redefinition; different subscripts
  x:\documents\visual studio 2017\projects\2b hook\2b hook\reversedstructs.h(361): note: see declaration of 'Entity_t::_0x16470'
x:\documents\visual studio 2017\projects\2b hook\2b hook\reversedstructs.h(380): error C2118: negative subscript
x:\documents\visual studio 2017\projects\2b hook\2b hook\reversedstructs.h(381): error C2118: negative subscript
x:\documents\visual studio 2017\projects\2b hook\2b hook\reversedstructs.h(382): error C2118: negative subscript
x:\documents\visual studio 2017\projects\2b hook\2b hook\reversedstructs.h(383): error C2118: negative subscript
