x:\documents\visual studio 2017\projects\2b hook\x64\release\2b hook.ipdb
x:\documents\visual studio 2017\projects\2b hook\x64\release\2b hook.iobj
x:\documents\visual studio 2017\projects\2b hook\2b hook\x64\release\vc141.pdb
x:\documents\visual studio 2017\projects\2b hook\2b hook\x64\release\virtualtablehook.obj
x:\documents\visual studio 2017\projects\2b hook\2b hook\x64\release\renderer.obj
x:\documents\visual studio 2017\projects\2b hook\2b hook\x64\release\log.obj
x:\documents\visual studio 2017\projects\2b hook\2b hook\x64\release\imgui_impl_dx11.obj
x:\documents\visual studio 2017\projects\2b hook\2b hook\x64\release\imgui_draw.obj
x:\documents\visual studio 2017\projects\2b hook\2b hook\x64\release\imgui.obj
x:\documents\visual studio 2017\projects\2b hook\2b hook\x64\release\hooks.obj
x:\documents\visual studio 2017\projects\2b hook\2b hook\x64\release\globals.obj
x:\documents\visual studio 2017\projects\2b hook\2b hook\x64\release\dllmain.obj
x:\documents\visual studio 2017\projects\2b hook\x64\release\2b hook.dll
x:\documents\visual studio 2017\projects\2b hook\x64\release\2b hook.pdb
x:\documents\visual studio 2017\projects\2b hook\2b hook\x64\release\fastsqrt.obj
x:\documents\visual studio 2017\projects\2b hook\2b hook\x64\release\2b hook.tlog\2b hook.write.1u.tlog
x:\documents\visual studio 2017\projects\2b hook\2b hook\x64\release\2b hook.tlog\cl.command.1.tlog
x:\documents\visual studio 2017\projects\2b hook\2b hook\x64\release\2b hook.tlog\cl.read.1.tlog
x:\documents\visual studio 2017\projects\2b hook\2b hook\x64\release\2b hook.tlog\cl.write.1.tlog
x:\documents\visual studio 2017\projects\2b hook\2b hook\x64\release\2b hook.tlog\link.command.1.tlog
x:\documents\visual studio 2017\projects\2b hook\2b hook\x64\release\2b hook.tlog\link.read.1.tlog
x:\documents\visual studio 2017\projects\2b hook\2b hook\x64\release\2b hook.tlog\link.write.1.tlog
x:\documents\visual studio 2017\projects\2b hook\2b hook\x64\release\2b hook.tlog\masm.read.1u.tlog
x:\documents\visual studio 2017\projects\2b hook\2b hook\x64\release\2b hook.tlog\masm.write.1u.tlog
